0.000 0.100 0.998
0.100 0.200 0.990
0.200 0.298 0.978
0.300 0.395 0.960
0.400 0.490 0.938
0.500 0.583 0.911
0.600 0.672 0.880
0.700 0.759 0.844
0.800 0.841 0.804
0.900 0.919 0.760
1.000 0.993 0.712
1.100 1.062 0.661
1.200 1.125 0.606
1.300 1.183 0.548
1.400 1.235 0.488
1.500 1.280 0.425
1.600 1.320 0.360
1.700 1.352 0.293
1.800 1.378 0.224
1.900 1.397 0.155
2.000 1.409 0.085
2.100 1.414 0.014
2.200 1.412 -0.057
2.300 1.403 -0.127
2.400 1.387 -0.197
2.500 1.363 -0.266
2.600 1.333 -0.333
2.700 1.297 -0.399
2.800 1.254 -0.463
2.900 1.204 -0.525
3.000 1.149 -0.584
3.100 1.087 -0.640
3.200 1.021 -0.692
3.300 0.949 -0.742
3.400 0.872 -0.787
3.500 0.791 -0.829
3.600 0.707 -0.866
3.700 0.618 -0.900
3.800 0.527 -0.928
3.900 0.433 -0.952
4.000 0.336 -0.971
4.100 0.238 -0.986
4.200 0.139 -0.995
4.300 0.039 -1.000
4.400 -0.061 -0.999
4.500 -0.161 -0.994
4.600 -0.260 -0.983
4.700 -0.357 -0.968
4.800 -0.453 -0.947
4.900 -0.547 -0.922
5.000 -0.638 -0.893
5.100 -0.725 -0.859
5.200 -0.809 -0.820
5.300 -0.889 -0.778
5.400 -0.965 -0.731
5.500 -1.036 -0.681
5.600 -1.101 -0.628
5.700 -1.161 -0.571
5.800 -1.215 -0.512
5.900 -1.264 -0.450
6.000 -1.305 -0.385
6.100 -1.341 -0.319
6.200 -1.369 -0.251
6.300 -1.391 -0.182
6.400 -1.406 -0.112
6.500 -1.413 -0.042
6.600 -1.414 0.029
6.700 -1.407 0.100
6.800 -1.394 0.170
6.900 -1.373 0.239
7.000 -1.346 0.307
7.100 -1.312 0.374
7.200 -1.271 0.438
7.300 -1.224 0.501
7.400 -1.171 0.561
7.500 -1.112 0.618
7.600 -1.048 0.672
7.700 -0.978 0.723
7.800 -0.903 0.770
7.900 -0.824 0.813
8.000 -0.740 0.852
8.100 -0.653 0.887
8.200 -0.563 0.918
8.300 -0.470 0.943
8.400 -0.374 0.965
8.500 -0.277 0.981
8.600 -0.178 0.992
8.700 -0.078 0.999
8.800 0.022 1.000
8.900 0.122 0.997
9.000 0.221 0.988
9.100 0.319 0.974
9.200 0.416 0.956
9.300 0.510 0.933
9.400 0.602 0.905
9.500 0.691 0.873
9.600 0.777 0.836
9.700 0.859 0.795
9.800 0.936 0.750
9.900 1.009 0.701
