0.000 0.100 0.998
0.100 0.200 0.990
0.200 0.298 0.978
0.300 0.395 0.960
0.400 0.490 0.938
0.500 0.583 0.911
0.600 0.672 0.880
0.700 0.759 0.844
0.800 0.841 0.804
0.900 0.919 0.760
1.000 0.993 0.712
1.100 1.062 0.661
1.200 1.125 0.606
1.300 1.183 0.549
1.400 1.235 0.488
1.500 1.281 0.425
1.600 1.320 0.360
1.700 1.353 0.293
1.800 1.379 0.225
1.900 1.398 0.156
2.000 1.410 0.085
2.100 1.415 0.015
2.200 1.413 -0.056
2.300 1.404 -0.126
2.400 1.388 -0.196
2.500 1.365 -0.265
2.600 1.335 -0.332
2.700 1.298 -0.398
2.800 1.255 -0.462
2.900 1.206 -0.524
3.000 1.150 -0.582
3.100 1.089 -0.638
3.200 1.023 -0.691
3.300 0.951 -0.741
3.400 0.875 -0.786
3.500 0.794 -0.828
3.600 0.709 -0.865
3.700 0.621 -0.899
3.800 0.529 -0.927
3.900 0.435 -0.952
4.000 0.339 -0.971
4.100 0.241 -0.985
4.200 0.142 -0.995
4.300 0.042 -1.000
4.400 -0.058 -0.999
4.500 -0.158 -0.994
4.600 -0.257 -0.983
4.700 -0.355 -0.968
4.800 -0.450 -0.948
4.900 -0.544 -0.923
5.000 -0.635 -0.894
5.100 -0.723 -0.860
5.200 -0.807 -0.821
5.300 -0.887 -0.779
5.400 -0.963 -0.733
5.500 -1.034 -0.683
5.600 -1.099 -0.630
5.700 -1.160 -0.573
5.800 -1.214 -0.514
5.900 -1.262 -0.452
6.000 -1.304 -0.388
6.100 -1.340 -0.322
6.200 -1.369 -0.254
6.300 -1.391 -0.185
6.400 -1.406 -0.115
6.500 -1.414 -0.044
6.600 -1.415 0.026
6.700 -1.408 0.097
6.800 -1.395 0.167
6.900 -1.375 0.236
7.000 -1.348 0.304
7.100 -1.314 0.371
7.200 -1.274 0.435
7.300 -1.227 0.498
7.400 -1.174 0.558
7.500 -1.116 0.615
7.600 -1.051 0.669
7.700 -0.982 0.720
7.800 -0.907 0.767
7.900 -0.828 0.811
8.000 -0.745 0.850
8.100 -0.658 0.885
8.200 -0.568 0.916
8.300 -0.475 0.942
8.400 -0.380 0.963
8.500 -0.282 0.980
8.600 -0.184 0.992
8.700 -0.084 0.998
8.800 0.016 1.000
8.900 0.116 0.997
9.000 0.215 0.988
9.100 0.314 0.975
9.200 0.410 0.957
9.300 0.505 0.934
9.400 0.597 0.907
9.500 0.686 0.874
9.600 0.772 0.838
9.700 0.854 0.797
9.800 0.932 0.753
9.900 1.005 0.704
