0.000 1.000 -0.000 0.250
0.100 0.998 -0.050 0.250
0.200 0.990 -0.100 0.250
0.300 0.978 -0.149 0.250
0.400 0.960 -0.197 0.250
0.500 0.938 -0.245 0.250
0.600 0.911 -0.291 0.250
0.700 0.880 -0.336 0.250
0.800 0.844 -0.379 0.250
0.900 0.804 -0.420 0.250
1.000 0.760 -0.459 0.250
1.100 0.712 -0.496 0.250
1.200 0.661 -0.531 0.250
1.300 0.606 -0.562 0.250
1.400 0.549 -0.591 0.250
1.500 0.488 -0.617 0.250
1.600 0.425 -0.640 0.250
1.700 0.360 -0.660 0.250
1.800 0.294 -0.676 0.250
1.900 0.225 -0.689 0.250
2.000 0.156 -0.698 0.250
2.100 0.086 -0.705 0.250
2.200 0.015 -0.707 0.250
2.300 -0.056 -0.706 0.250
2.400 -0.126 -0.701 0.250
2.500 -0.196 -0.693 0.250
2.600 -0.264 -0.682 0.250
2.700 -0.332 -0.667 0.250
2.800 -0.398 -0.649 0.250
2.900 -0.462 -0.627 0.250
3.000 -0.523 -0.603 0.250
3.100 -0.582 -0.575 0.250
3.200 -0.638 -0.544 0.250
3.300 -0.691 -0.511 0.250
3.400 -0.740 -0.475 0.250
3.500 -0.786 -0.437 0.250
3.600 -0.828 -0.397 0.250
3.700 -0.865 -0.355 0.250
3.800 -0.898 -0.310 0.250
3.900 -0.927 -0.265 0.250
4.000 -0.951 -0.218 0.250
4.100 -0.971 -0.170 0.250
4.200 -0.985 -0.121 0.250
4.300 -0.995 -0.071 0.250
4.400 -1.000 -0.021 0.250
4.500 -0.999 0.029 0.250
4.600 -0.994 0.078 0.250
4.700 -0.984 0.128 0.250
4.800 -0.968 0.177 0.250
4.900 -0.948 0.225 0.250
5.000 -0.923 0.271 0.250
5.100 -0.894 0.317 0.250
5.200 -0.860 0.361 0.250
5.300 -0.822 0.403 0.250
5.400 -0.780 0.443 0.250
5.500 -0.733 0.481 0.250
5.600 -0.684 0.516 0.250
5.700 -0.630 0.549 0.250
5.800 -0.574 0.579 0.250
5.900 -0.515 0.606 0.250
6.000 -0.453 0.631 0.250
6.100 -0.389 0.652 0.250
6.200 -0.322 0.669 0.250
6.300 -0.255 0.684 0.250
6.400 -0.186 0.695 0.250
6.500 -0.116 0.702 0.250
6.600 -0.045 0.706 0.250
6.700 0.025 0.707 0.250
6.800 0.096 0.704 0.250
6.900 0.166 0.697 0.250
7.000 0.235 0.687 0.250
7.100 0.303 0.674 0.250
7.200 0.370 0.657 0.250
7.300 0.435 0.637 0.250
7.400 0.497 0.614 0.250
7.500 0.557 0.587 0.250
7.600 0.614 0.558 0.250
7.700 0.669 0.526 0.250
7.800 0.719 0.491 0.250
7.900 0.767 0.454 0.250
8.000 0.810 0.414 0.250
8.100 0.850 0.373 0.250
8.200 0.885 0.330 0.250
8.300 0.915 0.285 0.250
8.400 0.942 0.238 0.250
8.500 0.963 0.190 0.250
8.600 0.980 0.142 0.250
8.700 0.991 0.093 0.250
8.800 0.998 0.043 0.250
8.900 1.000 -0.007 0.250
9.000 0.997 -0.057 0.250
9.100 0.989 -0.107 0.250
9.200 0.975 -0.156 0.250
9.300 0.957 -0.204 0.250
9.400 0.935 -0.251 0.250
9.500 0.907 -0.298 0.250
9.600 0.875 -0.342 0.250
9.700 0.839 -0.385 0.250
9.800 0.798 -0.426 0.250
9.900 0.754 -0.465 0.250
